<?xml version="1.0" encoding="UTF-8"?>
<!-- Generated by org.testng.reporters.JUnitReportReporter -->
<testsuite hostname="LAPTOP-NSH5LFJD" failures="0" tests="1" name="testNG.Hotelbooking" time="84.606" errors="0" timestamp="2025-09-01T12:54:00 IST" skipped="0">
  <testcase classname="testNG.Hotelbooking" name="hotelbooking" time="84.606"/>
</testsuite> <!-- testNG.Hotelbooking -->
