<?xml version="1.0" encoding="UTF-8"?>
<!-- Generated by org.testng.reporters.JUnitReportReporter -->
<testsuite hostname="LAPTOP-NSH5LFJD" failures="0" tests="1" name="testNG.WithLogin" time="121.488" errors="0" timestamp="2025-08-30T15:33:15 IST" skipped="0">
  <testcase classname="testNG.WithLogin" name="login" time="121.488"/>
</testsuite> <!-- testNG.WithLogin -->
